<?xml version="1.0" encoding="UTF-8"?>
<testsuite xmlns:xsi="http://www.w3.org/2001/XMLSchema-instance" xsi:noNamespaceSchemaLocation="https://maven.apache.org/surefire/maven-surefire-plugin/xsd/surefire-test-report-3.0.xsd" version="3.0" name="com.porotech.backend.PorotechBackendApplicationTests" time="1.039" tests="1" errors="0" skipped="0" failures="0">
  <properties>
[...]
</properties>
  <testcase name="contextLoads" classname="com.porotech.backend.PorotechBackendApplicationTests" time="0.424">
    <system-out><![CDATA[15:40:41.995 [main] INFO org.springframework.test.context.support.AnnotationConfigContextLoaderUtils -- Could not detect default configuration classes for test class [com.porotech.backend.PorotechBackendApplicationTests]: PorotechBackendApplicationTests does not declare any static, non-private, non-final, nested classes annotated with @Configuration.
15:40:42.034 [main] INFO org.springframework.boot.test.context.SpringBootTestContextBootstrapper -- Found @SpringBootConfiguration com.porotech.backend.PorotechBackendApplication for test class com.porotech.backend.PorotechBackendApplicationTests
15:40:42.089 [main] INFO org.springframework.boot.devtools.restart.RestartApplicationListener -- Restart disabled due to context in which it is running

  .   ____          _            __ _ _
 /\\ / ___'_ __ _ _(_)_ __  __ _ \ \ \ \
( ( )\___ | '_ | '_| | '_ \/ _` | \ \ \ \
 \\/  ___)| |_)| | | | | || (_| |  ) ) ) )
  '  |____| .__|_| |_|_| |_\__, | / / / /
 =========|_|==============|___/=/_/_/_/
 :: Spring Boot ::                (v3.2.4)

2025-04-25T15:40:42.174+02:00  INFO 47333 --- [porotech-backend] [           main] c.p.b.PorotechBackendApplicationTests    : Starting PorotechBackendApplicationTests using Java 21.0.1 with PID 47333 (started by og326 in /Users/og326/Code/school/PoroTechIndustries/porotech-backend)
2025-04-25T15:40:42.174+02:00  INFO 47333 --- [porotech-backend] [           main] c.p.b.PorotechBackendApplicationTests    : No active profile set, falling back to 1 default profile: "default"
2025-04-25T15:40:42.532+02:00  INFO 47333 --- [porotech-backend] [           main] c.p.b.PorotechBackendApplicationTests    : Started PorotechBackendApplicationTests in 0.447 seconds (process running for 0.822)
]]></system-out>
    <system-err><![CDATA[WARNING: A Java agent has been loaded dynamically (/Users/og326/.m2/repository/net/bytebuddy/byte-buddy-agent/1.14.12/byte-buddy-agent-1.14.12.jar)
WARNING: If a serviceability tool is in use, please run with -XX:+EnableDynamicAgentLoading to hide this warning
WARNING: If a serviceability tool is not in use, please run with -Djdk.instrument.traceUsage for more information
WARNING: Dynamic loading of agents will be disallowed by default in a future release
]]></system-err>
  </testcase>
</testsuite>